<?xml version="1.0" encoding="UTF-8"?>
<!-- Generated by org.testng.reporters.JUnitXMLReporter -->
<testsuite hostname="Kausers-MacBook-Air.local" ignored="0" name="Default test" tests="2" failures="0" timestamp="04 Nov 2021 00:06:53 GMT" time="19.156" errors="0">
  <testcase name="runScenario" time="9.963" classname="io.cucumber.testng.AbstractTestNGCucumberTests"/>
  <testcase name="runScenario" time="8.815" classname="io.cucumber.testng.AbstractTestNGCucumberTests"/>
</testsuite> <!-- Default test -->
