<?xml version="1.0" encoding="UTF-8"?>
<!-- Generated by org.testng.reporters.JUnitXMLReporter -->
<testsuite hostname="Kausers-MacBook-Air.local" ignored="0" name="Command line test" tests="2" failures="0" timestamp="31 Oct 2021 15:13:19 GMT" time="1.048" errors="0">
  <testcase name="runScenario" time="0.264" classname="io.cucumber.testng.AbstractTestNGCucumberTests"/>
  <testcase name="runScenario" time="0.008" classname="io.cucumber.testng.AbstractTestNGCucumberTests"/>
</testsuite> <!-- Command line test -->
