<?xml version="1.0" encoding="UTF-8"?>
<!-- Generated by org.testng.reporters.JUnitXMLReporter -->
<testsuite hostname="Kausers-MacBook-Air.local" ignored="0" name="Nopackage" tests="2" failures="0" timestamp="31 Oct 2021 15:25:44 GMT" time="0.994" errors="0">
  <testcase name="runScenario" time="0.277" classname="io.cucumber.testng.AbstractTestNGCucumberTests"/>
  <testcase name="runScenario" time="0.006" classname="io.cucumber.testng.AbstractTestNGCucumberTests"/>
</testsuite> <!-- Nopackage -->
